\BOOKMARK [0][]{chapter.1}{1 Introduction}{}% 1
\BOOKMARK [1][]{section.1.1}{1.1 Motivation}{chapter.1}% 2
\BOOKMARK [1][]{section.1.2}{1.2 Contributions}{chapter.1}% 3
\BOOKMARK [1][]{section.1.3}{1.3 Outline}{chapter.1}% 4
\BOOKMARK [0][]{chapter.2}{2 Background}{}% 5
\BOOKMARK [1][]{section.2.1}{2.1 Classical Advertising Frameworks}{chapter.2}% 6
\BOOKMARK [1][]{section.2.2}{2.2 Dynamic Advertising Frameworks}{chapter.2}% 7
\BOOKMARK [1][]{section.2.3}{2.3 Summary}{chapter.2}% 8
\BOOKMARK [0][]{chapter.3}{3 Implementation}{}% 9
\BOOKMARK [1][]{section.3.1}{3.1 Front-end}{chapter.3}% 10
\BOOKMARK [1][]{section.3.2}{3.2 Back-end}{chapter.3}% 11
\BOOKMARK [1][]{section.3.3}{3.3 Summary}{chapter.3}% 12
\BOOKMARK [0][]{chapter.4}{4 Case Studies}{}% 13
\BOOKMARK [1][]{section.4.1}{4.1 Setup and Methodology}{chapter.4}% 14
\BOOKMARK [1][]{section.4.2}{4.2 Participants' Opinion on Traditional Mobile Advertising}{chapter.4}% 15
\BOOKMARK [1][]{section.4.3}{4.3 Participants' Willingness to Adapt to New Methods of Advertising}{chapter.4}% 16
\BOOKMARK [1][]{section.4.4}{4.4 Participants' Opinion of Dynamic Advertisements}{chapter.4}% 17
\BOOKMARK [1][]{section.4.5}{4.5 Summary}{chapter.4}% 18
\BOOKMARK [0][]{chapter.5}{5 Conclusions}{}% 19
\BOOKMARK [0][]{chapter.6}{6 Appendices}{}% 20
\BOOKMARK [1][]{section.Alph0.1}{.1 Appendix A}{chapter.6}% 21
\BOOKMARK [1][]{section.Alph0.2}{.2 Appendix B}{chapter.6}% 22
\BOOKMARK [1][]{section.Alph0.3}{.3 Appendix C}{chapter.6}% 23
\BOOKMARK [1][]{section.Alph0.4}{.4 Appendix D}{chapter.6}% 24
\BOOKMARK [1][]{section.Alph0.5}{.5 Appendix E}{chapter.6}% 25
\BOOKMARK [1][]{section.Alph0.6}{.6 Appendix F}{chapter.6}% 26
\BOOKMARK [1][]{section.Alph0.7}{.7 Appendix G}{chapter.6}% 27
\BOOKMARK [1][]{section.Alph0.8}{.8 Appendix H}{chapter.6}% 28
\BOOKMARK [1][]{section.Alph0.9}{.9 Appendix I}{chapter.6}% 29
\BOOKMARK [1][]{section.Alph0.10}{.10 Appendix J}{chapter.6}% 30
\BOOKMARK [1][]{section.Alph0.11}{.11 Appendix K}{chapter.6}% 31
\BOOKMARK [1][]{section.Alph0.12}{.12 Appendix L}{chapter.6}% 32
\BOOKMARK [0][]{appendix*.2}{Bibliography}{}% 33
